Start testing: May 21 14:30 AEST
----------------------------------------------------------
1/2 Testing: selftest
1/2 Test: selftest
Command: "/Users/dave/GitHub/esp32/esp32-altair-8800/build-host-tests/run_8080_tests" "--selftest"
Directory: /Users/dave/GitHub/esp32/esp32-altair-8800/build-host-tests
"selftest" start time: May 21 14:30 AEST
Output:
----------------------------------------------------------
========== Built-in self-test ==========
SELFTEST PASS
--- run status: clean exit
RESULT: selftest ok
<end of output>
Test time =   0.00 sec
----------------------------------------------------------
Test Passed.
"selftest" end time: May 21 14:30 AEST
"selftest" time elapsed: 00:00:00
----------------------------------------------------------

End testing: May 21 14:30 AEST
